<?xml version="1.0" encoding="UTF-8"?>
<!-- Generated by org.testng.reporters.JUnitXMLReporter -->
<testsuite ignored="0" hostname="DESKTOP-AF6N8QN" failures="1" tests="6" name="Test" time="4.507" errors="0" timestamp="27 Feb 2021 04:59:50 GMT">
  <testcase classname="apiAutomationeleven.GoogleAddPlaceTest" name="Print" time="1.149"/>
  <testcase classname="apiAutomationeleven.GoogleAddPlaceTest" name="SpecBuilder" time="2.056">
    <skipped/>
  </testcase> <!-- SpecBuilder -->
  <testcase classname="apiAutomationeleven.GoogleAddPlaceTest" name="SpecBuilder" time="0.352">
    <skipped/>
  </testcase> <!-- SpecBuilder -->
  <testcase classname="apiAutomationeleven.GoogleAddPlaceTest" name="SpecBuilder" time="0.314">
    <skipped/>
  </testcase> <!-- SpecBuilder -->
  <testcase classname="apiAutomationeleven.GoogleAddPlaceTest" name="SpecBuilder" time="0.282">
    <failure type="java.lang.AssertionError" message="expected [201] but found [200]">
      <![CDATA[java.lang.AssertionError: expected [201] but found [200]
at apiAutomationeleven.GoogleAddPlaceTest.SpecBuilder(GoogleAddPlaceTest.java:109)
... Removed 31 stack frames]]>
    </failure>
  </testcase> <!-- SpecBuilder -->
  <testcase classname="apiAutomationeleven.GoogleAddPlaceTest" name="AddPlace" time="0.286"/>
</testsuite> <!-- Test -->
