<?xml version="1.0" encoding="UTF-8"?>
<testng-results ignored="0" total="6" passed="2" failed="1" skipped="3">
  <reporter-output>
  </reporter-output>
  <suite started-at="2021-02-27T04:59:45Z" name="Suite" finished-at="2021-02-27T04:59:50Z" duration-ms="4507">
    <groups>
    </groups>
    <test started-at="2021-02-27T04:59:45Z" name="Test" finished-at="2021-02-27T04:59:50Z" duration-ms="4507">
      <class name="apiAutomationeleven.GoogleAddPlaceTest">
        <test-method is-config="true" signature="config(java.lang.String, java.lang.String)[pri:0, instance:apiAutomationeleven.GoogleAddPlaceTest@290d210d]" started-at="2021-02-27T04:59:45Z" name="config" finished-at="2021-02-27T04:59:45Z" duration-ms="295" status="PASS">
          <params>
            <param index="0">
              <value>
                <![CDATA[Optional name Automation ]]>
              </value>
            </param>
            <param index="1">
              <value>
                <![CDATA[API Report]]>
              </value>
            </param>
          </params>
          <reporter-output>
          </reporter-output>
        </test-method> <!-- config -->
        <test-method is-config="true" signature="LogBeforeMethod()[pri:0, instance:apiAutomationeleven.GoogleAddPlaceTest@290d210d]" started-at="2021-02-27T04:59:45Z" name="LogBeforeMethod" finished-at="2021-02-27T04:59:45Z" duration-ms="5" status="PASS">
          <reporter-output>
          </reporter-output>
        </test-method> <!-- LogBeforeMethod -->
        <test-method signature="Print(java.lang.String)[pri:0, instance:apiAutomationeleven.GoogleAddPlaceTest@290d210d]" started-at="2021-02-27T04:59:45Z" name="Print" finished-at="2021-02-27T04:59:46Z" duration-ms="1149" status="PASS">
          <params>
            <param index="0">
              <value>
                <![CDATA[testdata.json]]>
              </value>
            </param>
          </params>
          <reporter-output>
          </reporter-output>
        </test-method> <!-- Print -->
        <test-method is-config="true" signature="getResult(org.testng.ITestResult)[pri:0, instance:apiAutomationeleven.GoogleAddPlaceTest@290d210d]" started-at="2021-02-27T04:59:46Z" name="getResult" finished-at="2021-02-27T04:59:46Z" duration-ms="6" status="PASS">
          <params>
            <param index="0">
              <value>
                <![CDATA[[TestResult name=Print status=SUCCESS method=GoogleAddPlaceTest.Print(java.lang.String)[pri:0, instance:apiAutomationeleven.GoogleAddPlaceTest@290d210d] output={null}]]]>
              </value>
            </param>
          </params>
          <reporter-output>
          </reporter-output>
        </test-method> <!-- getResult -->
        <test-method is-config="true" signature="LogBeforeMethod()[pri:0, instance:apiAutomationeleven.GoogleAddPlaceTest@290d210d]" started-at="2021-02-27T04:59:46Z" name="LogBeforeMethod" finished-at="2021-02-27T04:59:46Z" duration-ms="1" status="PASS">
          <reporter-output>
          </reporter-output>
        </test-method> <!-- LogBeforeMethod -->
        <test-method signature="SpecBuilder(java.lang.String)[pri:0, instance:apiAutomationeleven.GoogleAddPlaceTest@290d210d]" started-at="2021-02-27T04:59:46Z" name="SpecBuilder" finished-at="2021-02-27T04:59:48Z" duration-ms="2056" status="SKIP">
          <params>
            <param index="0">
              <value>
                <![CDATA[testdata.json]]>
              </value>
            </param>
          </params>
          <exception class="java.lang.AssertionError">
            <message>
              <![CDATA[expected [201] but found [200]]]>
            </message>
            <full-stacktrace>
              <![CDATA[java.lang.AssertionError: expected [201] but found [200]
at org.testng.Assert.fail(Assert.java:96)
at org.testng.Assert.failNotEquals(Assert.java:776)
at org.testng.Assert.assertEqualsImpl(Assert.java:137)
at org.testng.Assert.assertEquals(Assert.java:118)
at org.testng.Assert.assertEquals(Assert.java:652)
at org.testng.Assert.assertEquals(Assert.java:662)
at apiAutomationeleven.GoogleAddPlaceTest.SpecBuilder(GoogleAddPlaceTest.java:109)
at java.base/jdk.internal.reflect.NativeMethodAccessorImpl.invoke0(Native Method)
at java.base/jdk.internal.reflect.NativeMethodAccessorImpl.invoke(NativeMethodAccessorImpl.java:62)
at java.base/jdk.internal.reflect.DelegatingMethodAccessorImpl.invoke(DelegatingMethodAccessorImpl.java:43)
at java.base/java.lang.reflect.Method.invoke(Method.java:564)
at org.testng.internal.MethodInvocationHelper.invokeMethod(MethodInvocationHelper.java:124)
at org.testng.internal.Invoker.invokeMethod(Invoker.java:583)
at org.testng.internal.Invoker.invokeTestMethod(Invoker.java:719)
at org.testng.internal.Invoker.invokeTestMethods(Invoker.java:989)
at org.testng.internal.TestMethodWorker.invokeTestMethods(TestMethodWorker.java:125)
at org.testng.internal.TestMethodWorker.run(TestMethodWorker.java:109)
at org.testng.TestRunner.privateRun(TestRunner.java:648)
at org.testng.TestRunner.run(TestRunner.java:505)
at org.testng.SuiteRunner.runTest(SuiteRunner.java:455)
at org.testng.SuiteRunner.runSequentially(SuiteRunner.java:450)
at org.testng.SuiteRunner.privateRun(SuiteRunner.java:415)
at org.testng.SuiteRunner.run(SuiteRunner.java:364)
at org.testng.SuiteRunnerWorker.runSuite(SuiteRunnerWorker.java:52)
at org.testng.SuiteRunnerWorker.run(SuiteRunnerWorker.java:84)
at org.testng.TestNG.runSuitesSequentially(TestNG.java:1208)
at org.testng.TestNG.runSuitesLocally(TestNG.java:1137)
at org.testng.TestNG.runSuites(TestNG.java:1049)
at org.testng.TestNG.run(TestNG.java:1017)
at org.testng.remote.AbstractRemoteTestNG.run(AbstractRemoteTestNG.java:115)
at org.testng.remote.RemoteTestNG.initAndRun(RemoteTestNG.java:251)
at org.testng.remote.RemoteTestNG.main(RemoteTestNG.java:77)
]]>
            </full-stacktrace>
          </exception> <!-- java.lang.AssertionError -->
          <reporter-output>
          </reporter-output>
        </test-method> <!-- SpecBuilder -->
        <test-method is-config="true" signature="getResult(org.testng.ITestResult)[pri:0, instance:apiAutomationeleven.GoogleAddPlaceTest@290d210d]" started-at="2021-02-27T04:59:48Z" name="getResult" finished-at="2021-02-27T04:59:48Z" duration-ms="1" status="PASS">
          <params>
            <param index="0">
              <value>
                <![CDATA[[TestResult name=SpecBuilder status=SKIP method=GoogleAddPlaceTest.SpecBuilder(java.lang.String)[pri:0, instance:apiAutomationeleven.GoogleAddPlaceTest@290d210d] output={null}]]]>
              </value>
            </param>
          </params>
          <reporter-output>
          </reporter-output>
        </test-method> <!-- getResult -->
        <test-method is-config="true" signature="LogBeforeMethod()[pri:0, instance:apiAutomationeleven.GoogleAddPlaceTest@290d210d]" started-at="2021-02-27T04:59:48Z" name="LogBeforeMethod" finished-at="2021-02-27T04:59:48Z" duration-ms="2" status="PASS">
          <reporter-output>
          </reporter-output>
        </test-method> <!-- LogBeforeMethod -->
        <test-method signature="SpecBuilder(java.lang.String)[pri:0, instance:apiAutomationeleven.GoogleAddPlaceTest@290d210d]" started-at="2021-02-27T04:59:48Z" name="SpecBuilder" finished-at="2021-02-27T04:59:49Z" duration-ms="352" status="SKIP">
          <params>
            <param index="0">
              <value>
                <![CDATA[testdata.json]]>
              </value>
            </param>
          </params>
          <exception class="java.lang.AssertionError">
            <message>
              <![CDATA[expected [201] but found [200]]]>
            </message>
            <full-stacktrace>
              <![CDATA[java.lang.AssertionError: expected [201] but found [200]
at org.testng.Assert.fail(Assert.java:96)
at org.testng.Assert.failNotEquals(Assert.java:776)
at org.testng.Assert.assertEqualsImpl(Assert.java:137)
at org.testng.Assert.assertEquals(Assert.java:118)
at org.testng.Assert.assertEquals(Assert.java:652)
at org.testng.Assert.assertEquals(Assert.java:662)
at apiAutomationeleven.GoogleAddPlaceTest.SpecBuilder(GoogleAddPlaceTest.java:109)
at java.base/jdk.internal.reflect.NativeMethodAccessorImpl.invoke0(Native Method)
at java.base/jdk.internal.reflect.NativeMethodAccessorImpl.invoke(NativeMethodAccessorImpl.java:62)
at java.base/jdk.internal.reflect.DelegatingMethodAccessorImpl.invoke(DelegatingMethodAccessorImpl.java:43)
at java.base/java.lang.reflect.Method.invoke(Method.java:564)
at org.testng.internal.MethodInvocationHelper.invokeMethod(MethodInvocationHelper.java:124)
at org.testng.internal.Invoker.invokeMethod(Invoker.java:583)
at org.testng.internal.Invoker.retryFailed(Invoker.java:839)
at org.testng.internal.Invoker.invokeTestMethods(Invoker.java:1010)
at org.testng.internal.TestMethodWorker.invokeTestMethods(TestMethodWorker.java:125)
at org.testng.internal.TestMethodWorker.run(TestMethodWorker.java:109)
at org.testng.TestRunner.privateRun(TestRunner.java:648)
at org.testng.TestRunner.run(TestRunner.java:505)
at org.testng.SuiteRunner.runTest(SuiteRunner.java:455)
at org.testng.SuiteRunner.runSequentially(SuiteRunner.java:450)
at org.testng.SuiteRunner.privateRun(SuiteRunner.java:415)
at org.testng.SuiteRunner.run(SuiteRunner.java:364)
at org.testng.SuiteRunnerWorker.runSuite(SuiteRunnerWorker.java:52)
at org.testng.SuiteRunnerWorker.run(SuiteRunnerWorker.java:84)
at org.testng.TestNG.runSuitesSequentially(TestNG.java:1208)
at org.testng.TestNG.runSuitesLocally(TestNG.java:1137)
at org.testng.TestNG.runSuites(TestNG.java:1049)
at org.testng.TestNG.run(TestNG.java:1017)
at org.testng.remote.AbstractRemoteTestNG.run(AbstractRemoteTestNG.java:115)
at org.testng.remote.RemoteTestNG.initAndRun(RemoteTestNG.java:251)
at org.testng.remote.RemoteTestNG.main(RemoteTestNG.java:77)
]]>
            </full-stacktrace>
          </exception> <!-- java.lang.AssertionError -->
          <reporter-output>
          </reporter-output>
        </test-method> <!-- SpecBuilder -->
        <test-method is-config="true" signature="getResult(org.testng.ITestResult)[pri:0, instance:apiAutomationeleven.GoogleAddPlaceTest@290d210d]" started-at="2021-02-27T04:59:49Z" name="getResult" finished-at="2021-02-27T04:59:49Z" duration-ms="0" status="PASS">
          <params>
            <param index="0">
              <value>
                <![CDATA[[TestResult name=SpecBuilder status=SKIP method=GoogleAddPlaceTest.SpecBuilder(java.lang.String)[pri:0, instance:apiAutomationeleven.GoogleAddPlaceTest@290d210d] output={null}]]]>
              </value>
            </param>
          </params>
          <reporter-output>
          </reporter-output>
        </test-method> <!-- getResult -->
        <test-method is-config="true" signature="LogBeforeMethod()[pri:0, instance:apiAutomationeleven.GoogleAddPlaceTest@290d210d]" started-at="2021-02-27T04:59:49Z" name="LogBeforeMethod" finished-at="2021-02-27T04:59:49Z" duration-ms="2" status="PASS">
          <reporter-output>
          </reporter-output>
        </test-method> <!-- LogBeforeMethod -->
        <test-method signature="SpecBuilder(java.lang.String)[pri:0, instance:apiAutomationeleven.GoogleAddPlaceTest@290d210d]" started-at="2021-02-27T04:59:49Z" name="SpecBuilder" finished-at="2021-02-27T04:59:49Z" duration-ms="314" status="SKIP">
          <params>
            <param index="0">
              <value>
                <![CDATA[testdata.json]]>
              </value>
            </param>
          </params>
          <exception class="java.lang.AssertionError">
            <message>
              <![CDATA[expected [201] but found [200]]]>
            </message>
            <full-stacktrace>
              <![CDATA[java.lang.AssertionError: expected [201] but found [200]
at org.testng.Assert.fail(Assert.java:96)
at org.testng.Assert.failNotEquals(Assert.java:776)
at org.testng.Assert.assertEqualsImpl(Assert.java:137)
at org.testng.Assert.assertEquals(Assert.java:118)
at org.testng.Assert.assertEquals(Assert.java:652)
at org.testng.Assert.assertEquals(Assert.java:662)
at apiAutomationeleven.GoogleAddPlaceTest.SpecBuilder(GoogleAddPlaceTest.java:109)
at java.base/jdk.internal.reflect.NativeMethodAccessorImpl.invoke0(Native Method)
at java.base/jdk.internal.reflect.NativeMethodAccessorImpl.invoke(NativeMethodAccessorImpl.java:62)
at java.base/jdk.internal.reflect.DelegatingMethodAccessorImpl.invoke(DelegatingMethodAccessorImpl.java:43)
at java.base/java.lang.reflect.Method.invoke(Method.java:564)
at org.testng.internal.MethodInvocationHelper.invokeMethod(MethodInvocationHelper.java:124)
at org.testng.internal.Invoker.invokeMethod(Invoker.java:583)
at org.testng.internal.Invoker.retryFailed(Invoker.java:839)
at org.testng.internal.Invoker.invokeTestMethods(Invoker.java:1010)
at org.testng.internal.TestMethodWorker.invokeTestMethods(TestMethodWorker.java:125)
at org.testng.internal.TestMethodWorker.run(TestMethodWorker.java:109)
at org.testng.TestRunner.privateRun(TestRunner.java:648)
at org.testng.TestRunner.run(TestRunner.java:505)
at org.testng.SuiteRunner.runTest(SuiteRunner.java:455)
at org.testng.SuiteRunner.runSequentially(SuiteRunner.java:450)
at org.testng.SuiteRunner.privateRun(SuiteRunner.java:415)
at org.testng.SuiteRunner.run(SuiteRunner.java:364)
at org.testng.SuiteRunnerWorker.runSuite(SuiteRunnerWorker.java:52)
at org.testng.SuiteRunnerWorker.run(SuiteRunnerWorker.java:84)
at org.testng.TestNG.runSuitesSequentially(TestNG.java:1208)
at org.testng.TestNG.runSuitesLocally(TestNG.java:1137)
at org.testng.TestNG.runSuites(TestNG.java:1049)
at org.testng.TestNG.run(TestNG.java:1017)
at org.testng.remote.AbstractRemoteTestNG.run(AbstractRemoteTestNG.java:115)
at org.testng.remote.RemoteTestNG.initAndRun(RemoteTestNG.java:251)
at org.testng.remote.RemoteTestNG.main(RemoteTestNG.java:77)
]]>
            </full-stacktrace>
          </exception> <!-- java.lang.AssertionError -->
          <reporter-output>
          </reporter-output>
        </test-method> <!-- SpecBuilder -->
        <test-method is-config="true" signature="getResult(org.testng.ITestResult)[pri:0, instance:apiAutomationeleven.GoogleAddPlaceTest@290d210d]" started-at="2021-02-27T04:59:49Z" name="getResult" finished-at="2021-02-27T04:59:49Z" duration-ms="0" status="PASS">
          <params>
            <param index="0">
              <value>
                <![CDATA[[TestResult name=SpecBuilder status=SKIP method=GoogleAddPlaceTest.SpecBuilder(java.lang.String)[pri:0, instance:apiAutomationeleven.GoogleAddPlaceTest@290d210d] output={null}]]]>
              </value>
            </param>
          </params>
          <reporter-output>
          </reporter-output>
        </test-method> <!-- getResult -->
        <test-method is-config="true" signature="LogBeforeMethod()[pri:0, instance:apiAutomationeleven.GoogleAddPlaceTest@290d210d]" started-at="2021-02-27T04:59:49Z" name="LogBeforeMethod" finished-at="2021-02-27T04:59:49Z" duration-ms="1" status="PASS">
          <reporter-output>
          </reporter-output>
        </test-method> <!-- LogBeforeMethod -->
        <test-method signature="SpecBuilder(java.lang.String)[pri:0, instance:apiAutomationeleven.GoogleAddPlaceTest@290d210d]" started-at="2021-02-27T04:59:49Z" name="SpecBuilder" finished-at="2021-02-27T04:59:49Z" duration-ms="282" status="FAIL">
          <params>
            <param index="0">
              <value>
                <![CDATA[testdata.json]]>
              </value>
            </param>
          </params>
          <exception class="java.lang.AssertionError">
            <message>
              <![CDATA[expected [201] but found [200]]]>
            </message>
            <full-stacktrace>
              <![CDATA[java.lang.AssertionError: expected [201] but found [200]
at org.testng.Assert.fail(Assert.java:96)
at org.testng.Assert.failNotEquals(Assert.java:776)
at org.testng.Assert.assertEqualsImpl(Assert.java:137)
at org.testng.Assert.assertEquals(Assert.java:118)
at org.testng.Assert.assertEquals(Assert.java:652)
at org.testng.Assert.assertEquals(Assert.java:662)
at apiAutomationeleven.GoogleAddPlaceTest.SpecBuilder(GoogleAddPlaceTest.java:109)
at java.base/jdk.internal.reflect.NativeMethodAccessorImpl.invoke0(Native Method)
at java.base/jdk.internal.reflect.NativeMethodAccessorImpl.invoke(NativeMethodAccessorImpl.java:62)
at java.base/jdk.internal.reflect.DelegatingMethodAccessorImpl.invoke(DelegatingMethodAccessorImpl.java:43)
at java.base/java.lang.reflect.Method.invoke(Method.java:564)
at org.testng.internal.MethodInvocationHelper.invokeMethod(MethodInvocationHelper.java:124)
at org.testng.internal.Invoker.invokeMethod(Invoker.java:583)
at org.testng.internal.Invoker.retryFailed(Invoker.java:839)
at org.testng.internal.Invoker.invokeTestMethods(Invoker.java:1010)
at org.testng.internal.TestMethodWorker.invokeTestMethods(TestMethodWorker.java:125)
at org.testng.internal.TestMethodWorker.run(TestMethodWorker.java:109)
at org.testng.TestRunner.privateRun(TestRunner.java:648)
at org.testng.TestRunner.run(TestRunner.java:505)
at org.testng.SuiteRunner.runTest(SuiteRunner.java:455)
at org.testng.SuiteRunner.runSequentially(SuiteRunner.java:450)
at org.testng.SuiteRunner.privateRun(SuiteRunner.java:415)
at org.testng.SuiteRunner.run(SuiteRunner.java:364)
at org.testng.SuiteRunnerWorker.runSuite(SuiteRunnerWorker.java:52)
at org.testng.SuiteRunnerWorker.run(SuiteRunnerWorker.java:84)
at org.testng.TestNG.runSuitesSequentially(TestNG.java:1208)
at org.testng.TestNG.runSuitesLocally(TestNG.java:1137)
at org.testng.TestNG.runSuites(TestNG.java:1049)
at org.testng.TestNG.run(TestNG.java:1017)
at org.testng.remote.AbstractRemoteTestNG.run(AbstractRemoteTestNG.java:115)
at org.testng.remote.RemoteTestNG.initAndRun(RemoteTestNG.java:251)
at org.testng.remote.RemoteTestNG.main(RemoteTestNG.java:77)
]]>
            </full-stacktrace>
          </exception> <!-- java.lang.AssertionError -->
          <reporter-output>
          </reporter-output>
        </test-method> <!-- SpecBuilder -->
        <test-method is-config="true" signature="getResult(org.testng.ITestResult)[pri:0, instance:apiAutomationeleven.GoogleAddPlaceTest@290d210d]" started-at="2021-02-27T04:59:49Z" name="getResult" finished-at="2021-02-27T04:59:49Z" duration-ms="1" status="PASS">
          <params>
            <param index="0">
              <value>
                <![CDATA[[TestResult name=SpecBuilder status=FAILURE method=GoogleAddPlaceTest.SpecBuilder(java.lang.String)[pri:0, instance:apiAutomationeleven.GoogleAddPlaceTest@290d210d] output={null}]]]>
              </value>
            </param>
          </params>
          <reporter-output>
          </reporter-output>
        </test-method> <!-- getResult -->
        <test-method is-config="true" signature="LogBeforeMethod()[pri:0, instance:apiAutomationeleven.GoogleAddPlaceTest@290d210d]" started-at="2021-02-27T04:59:49Z" name="LogBeforeMethod" finished-at="2021-02-27T04:59:49Z" duration-ms="3" status="PASS">
          <reporter-output>
          </reporter-output>
        </test-method> <!-- LogBeforeMethod -->
        <test-method signature="AddPlace(java.lang.String)[pri:1, instance:apiAutomationeleven.GoogleAddPlaceTest@290d210d]" started-at="2021-02-27T04:59:49Z" name="AddPlace" description="Test1" finished-at="2021-02-27T04:59:50Z" duration-ms="286" status="PASS">
          <params>
            <param index="0">
              <value>
                <![CDATA[testdata.json]]>
              </value>
            </param>
          </params>
          <reporter-output>
          </reporter-output>
        </test-method> <!-- AddPlace -->
        <test-method is-config="true" signature="getResult(org.testng.ITestResult)[pri:0, instance:apiAutomationeleven.GoogleAddPlaceTest@290d210d]" started-at="2021-02-27T04:59:50Z" name="getResult" finished-at="2021-02-27T04:59:50Z" duration-ms="1" status="PASS">
          <params>
            <param index="0">
              <value>
                <![CDATA[[TestResult name=AddPlace status=SUCCESS method=GoogleAddPlaceTest.AddPlace(java.lang.String)[pri:1, instance:apiAutomationeleven.GoogleAddPlaceTest@290d210d] output={null}]]]>
              </value>
            </param>
          </params>
          <reporter-output>
          </reporter-output>
        </test-method> <!-- getResult -->
        <test-method is-config="true" signature="endReport()[pri:0, instance:apiAutomationeleven.GoogleAddPlaceTest@290d210d]" started-at="2021-02-27T04:59:50Z" name="endReport" finished-at="2021-02-27T04:59:50Z" duration-ms="291" status="PASS">
          <reporter-output>
          </reporter-output>
        </test-method> <!-- endReport -->
      </class> <!-- apiAutomationeleven.GoogleAddPlaceTest -->
    </test> <!-- Test -->
  </suite> <!-- Suite -->
</testng-results>
